<?xml version="1.0" encoding="UTF-8"?>
<testsuite xmlns:xsi="http://www.w3.org/2001/XMLSchema-instance" xsi:noNamespaceSchemaLocation="https://maven.apache.org/surefire/maven-surefire-plugin/xsd/surefire-test-report.xsd" name="br.com.magna.animal.api.controller.MamiferoControllerTest" time="0.374" tests="9" errors="0" skipped="0" failures="0">
  <properties>
    <property name="java.specification.version" value="19"/>
    <property name="sun.cpu.isalist" value="amd64"/>
    <property name="sun.jnu.encoding" value="Cp1252"/>
    <property name="java.class.path" value="C:\dev\projects\zoologico\target\test-classes;C:\dev\projects\zoologico\target\classes;C:\Users\Magna\.m2\repository\org\springframework\boot\spring-boot-starter-web\3.0.2\spring-boot-starter-web-3.0.2.jar;C:\Users\Magna\.m2\repository\org\springframework\boot\spring-boot-starter\3.0.2\spring-boot-starter-3.0.2.jar;C:\Users\Magna\.m2\repository\org\springframework\boot\spring-boot-starter-logging\3.0.2\spring-boot-starter-logging-3.0.2.jar;C:\Users\Magna\.m2\repository\ch\qos\logback\logback-classic\1.4.5\logback-classic-1.4.5.jar;C:\Users\Magna\.m2\repository\ch\qos\logback\logback-core\1.4.5\logback-core-1.4.5.jar;C:\Users\Magna\.m2\repository\org\apache\logging\log4j\log4j-to-slf4j\2.19.0\log4j-to-slf4j-2.19.0.jar;C:\Users\Magna\.m2\repository\org\slf4j\jul-to-slf4j\2.0.6\jul-to-slf4j-2.0.6.jar;C:\Users\Magna\.m2\repository\jakarta\annotation\jakarta.annotation-api\2.1.1\jakarta.annotation-api-2.1.1.jar;C:\Users\Magna\.m2\repository\org\yaml\snakeyaml\1.33\snakeyaml-1.33.jar;C:\Users\Magna\.m2\repository\org\springframework\boot\spring-boot-starter-json\3.0.2\spring-boot-starter-json-3.0.2.jar;C:\Users\Magna\.m2\repository\com\fasterxml\jackson\datatype\jackson-datatype-jdk8\2.14.1\jackson-datatype-jdk8-2.14.1.jar;C:\Users\Magna\.m2\repository\com\fasterxml\jackson\datatype\jackson-datatype-jsr310\2.14.1\jackson-datatype-jsr310-2.14.1.jar;C:\Users\Magna\.m2\repository\com\fasterxml\jackson\module\jackson-module-parameter-names\2.14.1\jackson-module-parameter-names-2.14.1.jar;C:\Users\Magna\.m2\repository\org\springframework\boot\spring-boot-starter-tomcat\3.0.2\spring-boot-starter-tomcat-3.0.2.jar;C:\Users\Magna\.m2\repository\org\apache\tomcat\embed\tomcat-embed-core\10.1.5\tomcat-embed-core-10.1.5.jar;C:\Users\Magna\.m2\repository\org\apache\tomcat\embed\tomcat-embed-websocket\10.1.5\tomcat-embed-websocket-10.1.5.jar;C:\Users\Magna\.m2\repository\org\springframework\spring-web\6.0.4\spring-web-6.0.4.jar;C:\Users\Magna\.m2\repository\org\springframework\spring-beans\6.0.4\spring-beans-6.0.4.jar;C:\Users\Magna\.m2\repository\io\micrometer\micrometer-observation\1.10.3\micrometer-observation-1.10.3.jar;C:\Users\Magna\.m2\repository\io\micrometer\micrometer-commons\1.10.3\micrometer-commons-1.10.3.jar;C:\Users\Magna\.m2\repository\org\springframework\spring-webmvc\6.0.4\spring-webmvc-6.0.4.jar;C:\Users\Magna\.m2\repository\org\springframework\spring-aop\6.0.4\spring-aop-6.0.4.jar;C:\Users\Magna\.m2\repository\org\springframework\spring-context\6.0.4\spring-context-6.0.4.jar;C:\Users\Magna\.m2\repository\org\springframework\spring-expression\6.0.4\spring-expression-6.0.4.jar;C:\Users\Magna\.m2\repository\org\springframework\boot\spring-boot-devtools\3.0.2\spring-boot-devtools-3.0.2.jar;C:\Users\Magna\.m2\repository\org\springframework\boot\spring-boot\3.0.2\spring-boot-3.0.2.jar;C:\Users\Magna\.m2\repository\org\springframework\boot\spring-boot-autoconfigure\3.0.2\spring-boot-autoconfigure-3.0.2.jar;C:\Users\Magna\.m2\repository\org\springframework\boot\spring-boot-starter-test\3.0.2\spring-boot-starter-test-3.0.2.jar;C:\Users\Magna\.m2\repository\org\springframework\boot\spring-boot-test\3.0.2\spring-boot-test-3.0.2.jar;C:\Users\Magna\.m2\repository\org\springframework\boot\spring-boot-test-autoconfigure\3.0.2\spring-boot-test-autoconfigure-3.0.2.jar;C:\Users\Magna\.m2\repository\com\jayway\jsonpath\json-path\2.7.0\json-path-2.7.0.jar;C:\Users\Magna\.m2\repository\net\minidev\json-smart\2.4.8\json-smart-2.4.8.jar;C:\Users\Magna\.m2\repository\org\slf4j\slf4j-api\2.0.6\slf4j-api-2.0.6.jar;C:\Users\Magna\.m2\repository\jakarta\xml\bind\jakarta.xml.bind-api\4.0.0\jakarta.xml.bind-api-4.0.0.jar;C:\Users\Magna\.m2\repository\jakarta\activation\jakarta.activation-api\2.1.1\jakarta.activation-api-2.1.1.jar;C:\Users\Magna\.m2\repository\org\assertj\assertj-core\3.23.1\assertj-core-3.23.1.jar;C:\Users\Magna\.m2\repository\net\bytebuddy\byte-buddy\1.12.22\byte-buddy-1.12.22.jar;C:\Users\Magna\.m2\repository\org\hamcrest\hamcrest\2.2\hamcrest-2.2.jar;C:\Users\Magna\.m2\repository\org\junit\jupiter\junit-jupiter\5.9.2\junit-jupiter-5.9.2.jar;C:\Users\Magna\.m2\repository\org\junit\jupiter\junit-jupiter-api\5.9.2\junit-jupiter-api-5.9.2.jar;C:\Users\Magna\.m2\repository\org\opentest4j\opentest4j\1.2.0\opentest4j-1.2.0.jar;C:\Users\Magna\.m2\repository\org\junit\platform\junit-platform-commons\1.9.2\junit-platform-commons-1.9.2.jar;C:\Users\Magna\.m2\repository\org\junit\jupiter\junit-jupiter-params\5.9.2\junit-jupiter-params-5.9.2.jar;C:\Users\Magna\.m2\repository\org\junit\jupiter\junit-jupiter-engine\5.9.2\junit-jupiter-engine-5.9.2.jar;C:\Users\Magna\.m2\repository\org\junit\platform\junit-platform-engine\1.9.2\junit-platform-engine-1.9.2.jar;C:\Users\Magna\.m2\repository\org\mockito\mockito-core\4.8.1\mockito-core-4.8.1.jar;C:\Users\Magna\.m2\repository\net\bytebuddy\byte-buddy-agent\1.12.22\byte-buddy-agent-1.12.22.jar;C:\Users\Magna\.m2\repository\org\objenesis\objenesis\3.2\objenesis-3.2.jar;C:\Users\Magna\.m2\repository\org\mockito\mockito-junit-jupiter\4.8.1\mockito-junit-jupiter-4.8.1.jar;C:\Users\Magna\.m2\repository\org\skyscreamer\jsonassert\1.5.1\jsonassert-1.5.1.jar;C:\Users\Magna\.m2\repository\com\vaadin\external\google\android-json\0.0.20131108.vaadin1\android-json-0.0.20131108.vaadin1.jar;C:\Users\Magna\.m2\repository\org\springframework\spring-core\6.0.4\spring-core-6.0.4.jar;C:\Users\Magna\.m2\repository\org\springframework\spring-jcl\6.0.4\spring-jcl-6.0.4.jar;C:\Users\Magna\.m2\repository\org\springframework\spring-test\6.0.4\spring-test-6.0.4.jar;C:\Users\Magna\.m2\repository\org\xmlunit\xmlunit-core\2.9.1\xmlunit-core-2.9.1.jar;C:\Users\Magna\.m2\repository\org\springframework\boot\spring-boot-starter-data-jpa\3.0.2\spring-boot-starter-data-jpa-3.0.2.jar;C:\Users\Magna\.m2\repository\org\springframework\boot\spring-boot-starter-aop\3.0.2\spring-boot-starter-aop-3.0.2.jar;C:\Users\Magna\.m2\repository\org\aspectj\aspectjweaver\1.9.19\aspectjweaver-1.9.19.jar;C:\Users\Magna\.m2\repository\org\springframework\boot\spring-boot-starter-jdbc\3.0.2\spring-boot-starter-jdbc-3.0.2.jar;C:\Users\Magna\.m2\repository\com\zaxxer\HikariCP\5.0.1\HikariCP-5.0.1.jar;C:\Users\Magna\.m2\repository\org\springframework\spring-jdbc\6.0.4\spring-jdbc-6.0.4.jar;C:\Users\Magna\.m2\repository\org\hibernate\orm\hibernate-core\6.1.6.Final\hibernate-core-6.1.6.Final.jar;C:\Users\Magna\.m2\repository\jakarta\persistence\jakarta.persistence-api\3.1.0\jakarta.persistence-api-3.1.0.jar;C:\Users\Magna\.m2\repository\jakarta\transaction\jakarta.transaction-api\2.0.1\jakarta.transaction-api-2.0.1.jar;C:\Users\Magna\.m2\repository\org\jboss\logging\jboss-logging\3.5.0.Final\jboss-logging-3.5.0.Final.jar;C:\Users\Magna\.m2\repository\org\hibernate\common\hibernate-commons-annotations\6.0.2.Final\hibernate-commons-annotations-6.0.2.Final.jar;C:\Users\Magna\.m2\repository\org\jboss\jandex\2.4.2.Final\jandex-2.4.2.Final.jar;C:\Users\Magna\.m2\repository\com\fasterxml\classmate\1.5.1\classmate-1.5.1.jar;C:\Users\Magna\.m2\repository\org\glassfish\jaxb\jaxb-runtime\4.0.1\jaxb-runtime-4.0.1.jar;C:\Users\Magna\.m2\repository\org\glassfish\jaxb\jaxb-core\4.0.1\jaxb-core-4.0.1.jar;C:\Users\Magna\.m2\repository\org\eclipse\angus\angus-activation\1.0.0\angus-activation-1.0.0.jar;C:\Users\Magna\.m2\repository\org\glassfish\jaxb\txw2\4.0.1\txw2-4.0.1.jar;C:\Users\Magna\.m2\repository\com\sun\istack\istack-commons-runtime\4.1.1\istack-commons-runtime-4.1.1.jar;C:\Users\Magna\.m2\repository\jakarta\inject\jakarta.inject-api\2.0.0\jakarta.inject-api-2.0.0.jar;C:\Users\Magna\.m2\repository\org\antlr\antlr4-runtime\4.10.1\antlr4-runtime-4.10.1.jar;C:\Users\Magna\.m2\repository\org\springframework\data\spring-data-jpa\3.0.1\spring-data-jpa-3.0.1.jar;C:\Users\Magna\.m2\repository\org\springframework\data\spring-data-commons\3.0.1\spring-data-commons-3.0.1.jar;C:\Users\Magna\.m2\repository\org\springframework\spring-orm\6.0.4\spring-orm-6.0.4.jar;C:\Users\Magna\.m2\repository\org\springframework\spring-tx\6.0.4\spring-tx-6.0.4.jar;C:\Users\Magna\.m2\repository\org\springframework\spring-aspects\6.0.4\spring-aspects-6.0.4.jar;C:\Users\Magna\.m2\repository\org\springframework\boot\spring-boot-starter-validation\3.0.2\spring-boot-starter-validation-3.0.2.jar;C:\Users\Magna\.m2\repository\org\apache\tomcat\embed\tomcat-embed-el\10.1.5\tomcat-embed-el-10.1.5.jar;C:\Users\Magna\.m2\repository\org\hibernate\validator\hibernate-validator\8.0.0.Final\hibernate-validator-8.0.0.Final.jar;C:\Users\Magna\.m2\repository\jakarta\validation\jakarta.validation-api\3.0.2\jakarta.validation-api-3.0.2.jar;C:\Users\Magna\.m2\repository\org\postgresql\postgresql\42.5.1\postgresql-42.5.1.jar;C:\Users\Magna\.m2\repository\org\checkerframework\checker-qual\3.5.0\checker-qual-3.5.0.jar;C:\Users\Magna\.m2\repository\org\springdoc\springdoc-openapi-starter-webmvc-ui\2.1.0\springdoc-openapi-starter-webmvc-ui-2.1.0.jar;C:\Users\Magna\.m2\repository\org\springdoc\springdoc-openapi-starter-webmvc-api\2.1.0\springdoc-openapi-starter-webmvc-api-2.1.0.jar;C:\Users\Magna\.m2\repository\org\springdoc\springdoc-openapi-starter-common\2.1.0\springdoc-openapi-starter-common-2.1.0.jar;C:\Users\Magna\.m2\repository\io\swagger\core\v3\swagger-core-jakarta\2.2.9\swagger-core-jakarta-2.2.9.jar;C:\Users\Magna\.m2\repository\io\swagger\core\v3\swagger-annotations-jakarta\2.2.9\swagger-annotations-jakarta-2.2.9.jar;C:\Users\Magna\.m2\repository\io\swagger\core\v3\swagger-models-jakarta\2.2.9\swagger-models-jakarta-2.2.9.jar;C:\Users\Magna\.m2\repository\com\fasterxml\jackson\dataformat\jackson-dataformat-yaml\2.14.1\jackson-dataformat-yaml-2.14.1.jar;C:\Users\Magna\.m2\repository\org\webjars\swagger-ui\4.18.2\swagger-ui-4.18.2.jar;C:\Users\Magna\.m2\repository\junit\junit\4.13.2\junit-4.13.2.jar;C:\Users\Magna\.m2\repository\org\hamcrest\hamcrest-core\2.2\hamcrest-core-2.2.jar;C:\Users\Magna\.m2\repository\org\apache\jmeter\ApacheJMeter_core\5.4.1\ApacheJMeter_core-5.4.1.jar;C:\Users\Magna\.m2\repository\org\apache\jmeter\ApacheJMeter\5.4.1\ApacheJMeter-5.4.1.jar;C:\Users\Magna\.m2\repository\org\apache\jmeter\jorphan\5.4.1\jorphan-5.4.1.jar;C:\Users\Magna\.m2\repository\bsf\bsf\2.4.0\bsf-2.4.0.jar;C:\Users\Magna\.m2\repository\commons-logging\commons-logging\1.0.4\commons-logging-1.0.4.jar;C:\Users\Magna\.m2\repository\com\fifesoft\rsyntaxtextarea\3.1.1\rsyntaxtextarea-3.1.1.jar;C:\Users\Magna\.m2\repository\net\sf\jtidy\jtidy\r938\jtidy-r938.jar;C:\Users\Magna\.m2\repository\com\thoughtworks\xstream\xstream\1.4.15\xstream-1.4.15.jar;C:\Users\Magna\.m2\repository\xmlpull\xmlpull\1.1.3.1\xmlpull-1.1.3.1.jar;C:\Users\Magna\.m2\repository\xpp3\xpp3_min\1.1.4c\xpp3_min-1.1.4c.jar;C:\Users\Magna\.m2\repository\org\apache\logging\log4j\log4j-1.2-api\2.19.0\log4j-1.2-api-2.19.0.jar;C:\Users\Magna\.m2\repository\org\apache\logging\log4j\log4j-api\2.19.0\log4j-api-2.19.0.jar;C:\Users\Magna\.m2\repository\org\apache\logging\log4j\log4j-core\2.19.0\log4j-core-2.19.0.jar;C:\Users\Magna\.m2\repository\org\apache\logging\log4j\log4j-slf4j-impl\2.19.0\log4j-slf4j-impl-2.19.0.jar;C:\Users\Magna\.m2\repository\org\apiguardian\apiguardian-api\1.1.0\apiguardian-api-1.1.0.jar;C:\Users\Magna\.m2\repository\oro\oro\2.0.8\oro-2.0.8.jar;C:\Users\Magna\.m2\repository\xalan\xalan\2.7.2\xalan-2.7.2.jar;C:\Users\Magna\.m2\repository\xalan\serializer\2.7.2\serializer-2.7.2.jar;C:\Users\Magna\.m2\repository\net\sf\saxon\Saxon-HE\9.9.1-8\Saxon-HE-9.9.1-8.jar;C:\Users\Magna\.m2\repository\com\fasterxml\jackson\core\jackson-annotations\2.14.1\jackson-annotations-2.14.1.jar;C:\Users\Magna\.m2\repository\com\fasterxml\jackson\core\jackson-core\2.14.1\jackson-core-2.14.1.jar;C:\Users\Magna\.m2\repository\com\fasterxml\jackson\core\jackson-databind\2.14.1\jackson-databind-2.14.1.jar;C:\Users\Magna\.m2\repository\com\formdev\svgSalamander\1.1.2.3\svgSalamander-1.1.2.3.jar;C:\Users\Magna\.m2\repository\com\github\ben-manes\caffeine\caffeine\3.1.2\caffeine-3.1.2.jar;C:\Users\Magna\.m2\repository\com\google\errorprone\error_prone_annotations\2.16\error_prone_annotations-2.16.jar;C:\Users\Magna\.m2\repository\com\github\weisj\darklaf-core\2.5.4\darklaf-core-2.5.4.jar;C:\Users\Magna\.m2\repository\com\github\weisj\darklaf-utils\2.5.4\darklaf-utils-2.5.4.jar;C:\Users\Magna\.m2\repository\com\github\weisj\darklaf-native-utils\2.5.4\darklaf-native-utils-2.5.4.jar;C:\Users\Magna\.m2\repository\com\github\weisj\darklaf-platform-base\2.5.4\darklaf-platform-base-2.5.4.jar;C:\Users\Magna\.m2\repository\com\github\weisj\darklaf-windows\2.5.4\darklaf-windows-2.5.4.jar;C:\Users\Magna\.m2\repository\net\java\dev\jna\jna\5.5.0\jna-5.5.0.jar;C:\Users\Magna\.m2\repository\com\github\weisj\darklaf-macos\2.5.4\darklaf-macos-2.5.4.jar;C:\Users\Magna\.m2\repository\org\swinglabs\jxlayer\3.0.4\jxlayer-3.0.4.jar;C:\Users\Magna\.m2\repository\com\github\weisj\darklaf-theme\2.5.4\darklaf-theme-2.5.4.jar;C:\Users\Magna\.m2\repository\com\github\weisj\darklaf-property-loader\2.5.4\darklaf-property-loader-2.5.4.jar;C:\Users\Magna\.m2\repository\com\github\weisj\darklaf-extensions-rsyntaxarea\0.3.4\darklaf-extensions-rsyntaxarea-0.3.4.jar;C:\Users\Magna\.m2\repository\com\miglayout\miglayout-swing\5.2\miglayout-swing-5.2.jar;C:\Users\Magna\.m2\repository\com\miglayout\miglayout-core\5.2\miglayout-core-5.2.jar;C:\Users\Magna\.m2\repository\commons-codec\commons-codec\1.15\commons-codec-1.15.jar;C:\Users\Magna\.m2\repository\commons-collections\commons-collections\3.2.2\commons-collections-3.2.2.jar;C:\Users\Magna\.m2\repository\org\apache\commons\commons-collections4\4.4\commons-collections4-4.4.jar;C:\Users\Magna\.m2\repository\org\apache\commons\commons-math3\3.6.1\commons-math3-3.6.1.jar;C:\Users\Magna\.m2\repository\org\apache\commons\commons-text\1.9\commons-text-1.9.jar;C:\Users\Magna\.m2\repository\org\apache\tika\tika-core\1.24.1\tika-core-1.24.1.jar;C:\Users\Magna\.m2\repository\org\apache\xmlgraphics\xmlgraphics-commons\2.3\xmlgraphics-commons-2.3.jar;C:\Users\Magna\.m2\repository\org\freemarker\freemarker\2.3.32\freemarker-2.3.32.jar;C:\Users\Magna\.m2\repository\org\jodd\jodd-core\5.0.13\jodd-core-5.0.13.jar;C:\Users\Magna\.m2\repository\org\jodd\jodd-props\5.0.13\jodd-props-5.0.13.jar;C:\Users\Magna\.m2\repository\org\mozilla\rhino\1.7.13\rhino-1.7.13.jar;C:\Users\Magna\.m2\repository\org\slf4j\jcl-over-slf4j\2.0.6\jcl-over-slf4j-2.0.6.jar;C:\Users\Magna\.m2\repository\org\codehaus\groovy\groovy\3.0.7\groovy-3.0.7.jar;C:\Users\Magna\.m2\repository\org\codehaus\groovy\groovy-dateutil\3.0.7\groovy-dateutil-3.0.7.jar;C:\Users\Magna\.m2\repository\org\codehaus\groovy\groovy-datetime\3.0.7\groovy-datetime-3.0.7.jar;C:\Users\Magna\.m2\repository\org\codehaus\groovy\groovy-jmx\3.0.7\groovy-jmx-3.0.7.jar;C:\Users\Magna\.m2\repository\org\codehaus\groovy\groovy-json\3.0.7\groovy-json-3.0.7.jar;C:\Users\Magna\.m2\repository\org\codehaus\groovy\groovy-jsr223\3.0.7\groovy-jsr223-3.0.7.jar;C:\Users\Magna\.m2\repository\org\codehaus\groovy\groovy-sql\3.0.7\groovy-sql-3.0.7.jar;C:\Users\Magna\.m2\repository\org\codehaus\groovy\groovy-templates\3.0.7\groovy-templates-3.0.7.jar;C:\Users\Magna\.m2\repository\org\codehaus\groovy\groovy-xml\3.0.7\groovy-xml-3.0.7.jar;C:\Users\Magna\.m2\repository\org\apache\tika\tika-parsers\1.24.1\tika-parsers-1.24.1.jar;C:\Users\Magna\.m2\repository\xerces\xercesImpl\2.12.0\xercesImpl-2.12.0.jar;C:\Users\Magna\.m2\repository\xml-apis\xml-apis\1.4.01\xml-apis-1.4.01.jar;C:\Users\Magna\.m2\repository\org\apache\jmeter\ApacheJMeter_http\5.4.1\ApacheJMeter_http-5.4.1.jar;C:\Users\Magna\.m2\repository\org\apache\jmeter\ApacheJMeter_components\5.4.1\ApacheJMeter_components-5.4.1.jar;C:\Users\Magna\.m2\repository\org\apache-extras\beanshell\bsh\2.0b6\bsh-2.0b6.jar;C:\Users\Magna\.m2\repository\javax\mail\mail\1.5.0-b01\mail-1.5.0-b01.jar;C:\Users\Magna\.m2\repository\io\burt\jmespath-core\0.5.0\jmespath-core-0.5.0.jar;C:\Users\Magna\.m2\repository\io\burt\jmespath-jackson\0.5.0\jmespath-jackson-0.5.0.jar;C:\Users\Magna\.m2\repository\jcharts\jcharts\0.7.5\jcharts-0.7.5.jar;C:\Users\Magna\.m2\repository\net\minidev\accessors-smart\1.2\accessors-smart-1.2.jar;C:\Users\Magna\.m2\repository\org\apache\commons\commons-pool2\2.11.1\commons-pool2-2.11.1.jar;C:\Users\Magna\.m2\repository\org\ow2\asm\asm\9.0\asm-9.0.jar;C:\Users\Magna\.m2\repository\org\jodd\jodd-log\5.0.13\jodd-log-5.0.13.jar;C:\Users\Magna\.m2\repository\org\apache\httpcomponents\httpasyncclient\4.1.5\httpasyncclient-4.1.5.jar;C:\Users\Magna\.m2\repository\org\apache\httpcomponents\httpcore-nio\4.4.16\httpcore-nio-4.4.16.jar;C:\Users\Magna\.m2\repository\com\sun\activation\javax.activation\1.2.0\javax.activation-1.2.0.jar;C:\Users\Magna\.m2\repository\commons-io\commons-io\2.8.0\commons-io-2.8.0.jar;C:\Users\Magna\.m2\repository\org\apache\commons\commons-lang3\3.12.0\commons-lang3-3.12.0.jar;C:\Users\Magna\.m2\repository\org\jodd\jodd-lagarto\5.0.13\jodd-lagarto-5.0.13.jar;C:\Users\Magna\.m2\repository\org\jsoup\jsoup\1.13.1\jsoup-1.13.1.jar;C:\Users\Magna\.m2\repository\commons-net\commons-net\3.7.2\commons-net-3.7.2.jar;C:\Users\Magna\.m2\repository\com\helger\ph-commons\9.5.1\ph-commons-9.5.1.jar;C:\Users\Magna\.m2\repository\com\helger\ph-css\6.2.3\ph-css-6.2.3.jar;C:\Users\Magna\.m2\repository\dnsjava\dnsjava\2.1.9\dnsjava-2.1.9.jar;C:\Users\Magna\.m2\repository\org\apache\httpcomponents\httpmime\4.5.14\httpmime-4.5.14.jar;C:\Users\Magna\.m2\repository\org\apache\httpcomponents\httpclient\4.5.14\httpclient-4.5.14.jar;C:\Users\Magna\.m2\repository\org\apache\httpcomponents\httpcore\4.4.16\httpcore-4.4.16.jar;C:\Users\Magna\.m2\repository\org\brotli\dec\0.1.2\dec-0.1.2.jar;"/>
    <property name="java.vm.vendor" value="Oracle Corporation"/>
    <property name="sun.arch.data.model" value="64"/>
    <property name="user.variant" value=""/>
    <property name="java.vendor.url" value="https://java.oracle.com/"/>
    <property name="user.timezone" value="America/Sao_Paulo"/>
    <property name="os.name" value="Windows 11"/>
    <property name="java.vm.specification.version" value="19"/>
    <property name="sun.java.launcher" value="SUN_STANDARD"/>
    <property name="user.country" value="BR"/>
    <property name="sun.boot.library.path" value="C:\dev\java\openjdk\jdk-19.0.2\bin"/>
    <property name="sun.java.command" value="C:\Users\Magna\AppData\Local\Temp\surefire8296774168394030366\surefirebooter16049699245708573050.jar C:\Users\Magna\AppData\Local\Temp\surefire8296774168394030366 2023-04-24T13-13-25_681-jvmRun1 surefire5125381874403111629tmp surefire_09307380776048958388tmp"/>
    <property name="jdk.debug" value="release"/>
    <property name="surefire.test.class.path" value="C:\dev\projects\zoologico\target\test-classes;C:\dev\projects\zoologico\target\classes;C:\Users\Magna\.m2\repository\org\springframework\boot\spring-boot-starter-web\3.0.2\spring-boot-starter-web-3.0.2.jar;C:\Users\Magna\.m2\repository\org\springframework\boot\spring-boot-starter\3.0.2\spring-boot-starter-3.0.2.jar;C:\Users\Magna\.m2\repository\org\springframework\boot\spring-boot-starter-logging\3.0.2\spring-boot-starter-logging-3.0.2.jar;C:\Users\Magna\.m2\repository\ch\qos\logback\logback-classic\1.4.5\logback-classic-1.4.5.jar;C:\Users\Magna\.m2\repository\ch\qos\logback\logback-core\1.4.5\logback-core-1.4.5.jar;C:\Users\Magna\.m2\repository\org\apache\logging\log4j\log4j-to-slf4j\2.19.0\log4j-to-slf4j-2.19.0.jar;C:\Users\Magna\.m2\repository\org\slf4j\jul-to-slf4j\2.0.6\jul-to-slf4j-2.0.6.jar;C:\Users\Magna\.m2\repository\jakarta\annotation\jakarta.annotation-api\2.1.1\jakarta.annotation-api-2.1.1.jar;C:\Users\Magna\.m2\repository\org\yaml\snakeyaml\1.33\snakeyaml-1.33.jar;C:\Users\Magna\.m2\repository\org\springframework\boot\spring-boot-starter-json\3.0.2\spring-boot-starter-json-3.0.2.jar;C:\Users\Magna\.m2\repository\com\fasterxml\jackson\datatype\jackson-datatype-jdk8\2.14.1\jackson-datatype-jdk8-2.14.1.jar;C:\Users\Magna\.m2\repository\com\fasterxml\jackson\datatype\jackson-datatype-jsr310\2.14.1\jackson-datatype-jsr310-2.14.1.jar;C:\Users\Magna\.m2\repository\com\fasterxml\jackson\module\jackson-module-parameter-names\2.14.1\jackson-module-parameter-names-2.14.1.jar;C:\Users\Magna\.m2\repository\org\springframework\boot\spring-boot-starter-tomcat\3.0.2\spring-boot-starter-tomcat-3.0.2.jar;C:\Users\Magna\.m2\repository\org\apache\tomcat\embed\tomcat-embed-core\10.1.5\tomcat-embed-core-10.1.5.jar;C:\Users\Magna\.m2\repository\org\apache\tomcat\embed\tomcat-embed-websocket\10.1.5\tomcat-embed-websocket-10.1.5.jar;C:\Users\Magna\.m2\repository\org\springframework\spring-web\6.0.4\spring-web-6.0.4.jar;C:\Users\Magna\.m2\repository\org\springframework\spring-beans\6.0.4\spring-beans-6.0.4.jar;C:\Users\Magna\.m2\repository\io\micrometer\micrometer-observation\1.10.3\micrometer-observation-1.10.3.jar;C:\Users\Magna\.m2\repository\io\micrometer\micrometer-commons\1.10.3\micrometer-commons-1.10.3.jar;C:\Users\Magna\.m2\repository\org\springframework\spring-webmvc\6.0.4\spring-webmvc-6.0.4.jar;C:\Users\Magna\.m2\repository\org\springframework\spring-aop\6.0.4\spring-aop-6.0.4.jar;C:\Users\Magna\.m2\repository\org\springframework\spring-context\6.0.4\spring-context-6.0.4.jar;C:\Users\Magna\.m2\repository\org\springframework\spring-expression\6.0.4\spring-expression-6.0.4.jar;C:\Users\Magna\.m2\repository\org\springframework\boot\spring-boot-devtools\3.0.2\spring-boot-devtools-3.0.2.jar;C:\Users\Magna\.m2\repository\org\springframework\boot\spring-boot\3.0.2\spring-boot-3.0.2.jar;C:\Users\Magna\.m2\repository\org\springframework\boot\spring-boot-autoconfigure\3.0.2\spring-boot-autoconfigure-3.0.2.jar;C:\Users\Magna\.m2\repository\org\springframework\boot\spring-boot-starter-test\3.0.2\spring-boot-starter-test-3.0.2.jar;C:\Users\Magna\.m2\repository\org\springframework\boot\spring-boot-test\3.0.2\spring-boot-test-3.0.2.jar;C:\Users\Magna\.m2\repository\org\springframework\boot\spring-boot-test-autoconfigure\3.0.2\spring-boot-test-autoconfigure-3.0.2.jar;C:\Users\Magna\.m2\repository\com\jayway\jsonpath\json-path\2.7.0\json-path-2.7.0.jar;C:\Users\Magna\.m2\repository\net\minidev\json-smart\2.4.8\json-smart-2.4.8.jar;C:\Users\Magna\.m2\repository\org\slf4j\slf4j-api\2.0.6\slf4j-api-2.0.6.jar;C:\Users\Magna\.m2\repository\jakarta\xml\bind\jakarta.xml.bind-api\4.0.0\jakarta.xml.bind-api-4.0.0.jar;C:\Users\Magna\.m2\repository\jakarta\activation\jakarta.activation-api\2.1.1\jakarta.activation-api-2.1.1.jar;C:\Users\Magna\.m2\repository\org\assertj\assertj-core\3.23.1\assertj-core-3.23.1.jar;C:\Users\Magna\.m2\repository\net\bytebuddy\byte-buddy\1.12.22\byte-buddy-1.12.22.jar;C:\Users\Magna\.m2\repository\org\hamcrest\hamcrest\2.2\hamcrest-2.2.jar;C:\Users\Magna\.m2\repository\org\junit\jupiter\junit-jupiter\5.9.2\junit-jupiter-5.9.2.jar;C:\Users\Magna\.m2\repository\org\junit\jupiter\junit-jupiter-api\5.9.2\junit-jupiter-api-5.9.2.jar;C:\Users\Magna\.m2\repository\org\opentest4j\opentest4j\1.2.0\opentest4j-1.2.0.jar;C:\Users\Magna\.m2\repository\org\junit\platform\junit-platform-commons\1.9.2\junit-platform-commons-1.9.2.jar;C:\Users\Magna\.m2\repository\org\junit\jupiter\junit-jupiter-params\5.9.2\junit-jupiter-params-5.9.2.jar;C:\Users\Magna\.m2\repository\org\junit\jupiter\junit-jupiter-engine\5.9.2\junit-jupiter-engine-5.9.2.jar;C:\Users\Magna\.m2\repository\org\junit\platform\junit-platform-engine\1.9.2\junit-platform-engine-1.9.2.jar;C:\Users\Magna\.m2\repository\org\mockito\mockito-core\4.8.1\mockito-core-4.8.1.jar;C:\Users\Magna\.m2\repository\net\bytebuddy\byte-buddy-agent\1.12.22\byte-buddy-agent-1.12.22.jar;C:\Users\Magna\.m2\repository\org\objenesis\objenesis\3.2\objenesis-3.2.jar;C:\Users\Magna\.m2\repository\org\mockito\mockito-junit-jupiter\4.8.1\mockito-junit-jupiter-4.8.1.jar;C:\Users\Magna\.m2\repository\org\skyscreamer\jsonassert\1.5.1\jsonassert-1.5.1.jar;C:\Users\Magna\.m2\repository\com\vaadin\external\google\android-json\0.0.20131108.vaadin1\android-json-0.0.20131108.vaadin1.jar;C:\Users\Magna\.m2\repository\org\springframework\spring-core\6.0.4\spring-core-6.0.4.jar;C:\Users\Magna\.m2\repository\org\springframework\spring-jcl\6.0.4\spring-jcl-6.0.4.jar;C:\Users\Magna\.m2\repository\org\springframework\spring-test\6.0.4\spring-test-6.0.4.jar;C:\Users\Magna\.m2\repository\org\xmlunit\xmlunit-core\2.9.1\xmlunit-core-2.9.1.jar;C:\Users\Magna\.m2\repository\org\springframework\boot\spring-boot-starter-data-jpa\3.0.2\spring-boot-starter-data-jpa-3.0.2.jar;C:\Users\Magna\.m2\repository\org\springframework\boot\spring-boot-starter-aop\3.0.2\spring-boot-starter-aop-3.0.2.jar;C:\Users\Magna\.m2\repository\org\aspectj\aspectjweaver\1.9.19\aspectjweaver-1.9.19.jar;C:\Users\Magna\.m2\repository\org\springframework\boot\spring-boot-starter-jdbc\3.0.2\spring-boot-starter-jdbc-3.0.2.jar;C:\Users\Magna\.m2\repository\com\zaxxer\HikariCP\5.0.1\HikariCP-5.0.1.jar;C:\Users\Magna\.m2\repository\org\springframework\spring-jdbc\6.0.4\spring-jdbc-6.0.4.jar;C:\Users\Magna\.m2\repository\org\hibernate\orm\hibernate-core\6.1.6.Final\hibernate-core-6.1.6.Final.jar;C:\Users\Magna\.m2\repository\jakarta\persistence\jakarta.persistence-api\3.1.0\jakarta.persistence-api-3.1.0.jar;C:\Users\Magna\.m2\repository\jakarta\transaction\jakarta.transaction-api\2.0.1\jakarta.transaction-api-2.0.1.jar;C:\Users\Magna\.m2\repository\org\jboss\logging\jboss-logging\3.5.0.Final\jboss-logging-3.5.0.Final.jar;C:\Users\Magna\.m2\repository\org\hibernate\common\hibernate-commons-annotations\6.0.2.Final\hibernate-commons-annotations-6.0.2.Final.jar;C:\Users\Magna\.m2\repository\org\jboss\jandex\2.4.2.Final\jandex-2.4.2.Final.jar;C:\Users\Magna\.m2\repository\com\fasterxml\classmate\1.5.1\classmate-1.5.1.jar;C:\Users\Magna\.m2\repository\org\glassfish\jaxb\jaxb-runtime\4.0.1\jaxb-runtime-4.0.1.jar;C:\Users\Magna\.m2\repository\org\glassfish\jaxb\jaxb-core\4.0.1\jaxb-core-4.0.1.jar;C:\Users\Magna\.m2\repository\org\eclipse\angus\angus-activation\1.0.0\angus-activation-1.0.0.jar;C:\Users\Magna\.m2\repository\org\glassfish\jaxb\txw2\4.0.1\txw2-4.0.1.jar;C:\Users\Magna\.m2\repository\com\sun\istack\istack-commons-runtime\4.1.1\istack-commons-runtime-4.1.1.jar;C:\Users\Magna\.m2\repository\jakarta\inject\jakarta.inject-api\2.0.0\jakarta.inject-api-2.0.0.jar;C:\Users\Magna\.m2\repository\org\antlr\antlr4-runtime\4.10.1\antlr4-runtime-4.10.1.jar;C:\Users\Magna\.m2\repository\org\springframework\data\spring-data-jpa\3.0.1\spring-data-jpa-3.0.1.jar;C:\Users\Magna\.m2\repository\org\springframework\data\spring-data-commons\3.0.1\spring-data-commons-3.0.1.jar;C:\Users\Magna\.m2\repository\org\springframework\spring-orm\6.0.4\spring-orm-6.0.4.jar;C:\Users\Magna\.m2\repository\org\springframework\spring-tx\6.0.4\spring-tx-6.0.4.jar;C:\Users\Magna\.m2\repository\org\springframework\spring-aspects\6.0.4\spring-aspects-6.0.4.jar;C:\Users\Magna\.m2\repository\org\springframework\boot\spring-boot-starter-validation\3.0.2\spring-boot-starter-validation-3.0.2.jar;C:\Users\Magna\.m2\repository\org\apache\tomcat\embed\tomcat-embed-el\10.1.5\tomcat-embed-el-10.1.5.jar;C:\Users\Magna\.m2\repository\org\hibernate\validator\hibernate-validator\8.0.0.Final\hibernate-validator-8.0.0.Final.jar;C:\Users\Magna\.m2\repository\jakarta\validation\jakarta.validation-api\3.0.2\jakarta.validation-api-3.0.2.jar;C:\Users\Magna\.m2\repository\org\postgresql\postgresql\42.5.1\postgresql-42.5.1.jar;C:\Users\Magna\.m2\repository\org\checkerframework\checker-qual\3.5.0\checker-qual-3.5.0.jar;C:\Users\Magna\.m2\repository\org\springdoc\springdoc-openapi-starter-webmvc-ui\2.1.0\springdoc-openapi-starter-webmvc-ui-2.1.0.jar;C:\Users\Magna\.m2\repository\org\springdoc\springdoc-openapi-starter-webmvc-api\2.1.0\springdoc-openapi-starter-webmvc-api-2.1.0.jar;C:\Users\Magna\.m2\repository\org\springdoc\springdoc-openapi-starter-common\2.1.0\springdoc-openapi-starter-common-2.1.0.jar;C:\Users\Magna\.m2\repository\io\swagger\core\v3\swagger-core-jakarta\2.2.9\swagger-core-jakarta-2.2.9.jar;C:\Users\Magna\.m2\repository\io\swagger\core\v3\swagger-annotations-jakarta\2.2.9\swagger-annotations-jakarta-2.2.9.jar;C:\Users\Magna\.m2\repository\io\swagger\core\v3\swagger-models-jakarta\2.2.9\swagger-models-jakarta-2.2.9.jar;C:\Users\Magna\.m2\repository\com\fasterxml\jackson\dataformat\jackson-dataformat-yaml\2.14.1\jackson-dataformat-yaml-2.14.1.jar;C:\Users\Magna\.m2\repository\org\webjars\swagger-ui\4.18.2\swagger-ui-4.18.2.jar;C:\Users\Magna\.m2\repository\junit\junit\4.13.2\junit-4.13.2.jar;C:\Users\Magna\.m2\repository\org\hamcrest\hamcrest-core\2.2\hamcrest-core-2.2.jar;C:\Users\Magna\.m2\repository\org\apache\jmeter\ApacheJMeter_core\5.4.1\ApacheJMeter_core-5.4.1.jar;C:\Users\Magna\.m2\repository\org\apache\jmeter\ApacheJMeter\5.4.1\ApacheJMeter-5.4.1.jar;C:\Users\Magna\.m2\repository\org\apache\jmeter\jorphan\5.4.1\jorphan-5.4.1.jar;C:\Users\Magna\.m2\repository\bsf\bsf\2.4.0\bsf-2.4.0.jar;C:\Users\Magna\.m2\repository\commons-logging\commons-logging\1.0.4\commons-logging-1.0.4.jar;C:\Users\Magna\.m2\repository\com\fifesoft\rsyntaxtextarea\3.1.1\rsyntaxtextarea-3.1.1.jar;C:\Users\Magna\.m2\repository\net\sf\jtidy\jtidy\r938\jtidy-r938.jar;C:\Users\Magna\.m2\repository\com\thoughtworks\xstream\xstream\1.4.15\xstream-1.4.15.jar;C:\Users\Magna\.m2\repository\xmlpull\xmlpull\1.1.3.1\xmlpull-1.1.3.1.jar;C:\Users\Magna\.m2\repository\xpp3\xpp3_min\1.1.4c\xpp3_min-1.1.4c.jar;C:\Users\Magna\.m2\repository\org\apache\logging\log4j\log4j-1.2-api\2.19.0\log4j-1.2-api-2.19.0.jar;C:\Users\Magna\.m2\repository\org\apache\logging\log4j\log4j-api\2.19.0\log4j-api-2.19.0.jar;C:\Users\Magna\.m2\repository\org\apache\logging\log4j\log4j-core\2.19.0\log4j-core-2.19.0.jar;C:\Users\Magna\.m2\repository\org\apache\logging\log4j\log4j-slf4j-impl\2.19.0\log4j-slf4j-impl-2.19.0.jar;C:\Users\Magna\.m2\repository\org\apiguardian\apiguardian-api\1.1.0\apiguardian-api-1.1.0.jar;C:\Users\Magna\.m2\repository\oro\oro\2.0.8\oro-2.0.8.jar;C:\Users\Magna\.m2\repository\xalan\xalan\2.7.2\xalan-2.7.2.jar;C:\Users\Magna\.m2\repository\xalan\serializer\2.7.2\serializer-2.7.2.jar;C:\Users\Magna\.m2\repository\net\sf\saxon\Saxon-HE\9.9.1-8\Saxon-HE-9.9.1-8.jar;C:\Users\Magna\.m2\repository\com\fasterxml\jackson\core\jackson-annotations\2.14.1\jackson-annotations-2.14.1.jar;C:\Users\Magna\.m2\repository\com\fasterxml\jackson\core\jackson-core\2.14.1\jackson-core-2.14.1.jar;C:\Users\Magna\.m2\repository\com\fasterxml\jackson\core\jackson-databind\2.14.1\jackson-databind-2.14.1.jar;C:\Users\Magna\.m2\repository\com\formdev\svgSalamander\1.1.2.3\svgSalamander-1.1.2.3.jar;C:\Users\Magna\.m2\repository\com\github\ben-manes\caffeine\caffeine\3.1.2\caffeine-3.1.2.jar;C:\Users\Magna\.m2\repository\com\google\errorprone\error_prone_annotations\2.16\error_prone_annotations-2.16.jar;C:\Users\Magna\.m2\repository\com\github\weisj\darklaf-core\2.5.4\darklaf-core-2.5.4.jar;C:\Users\Magna\.m2\repository\com\github\weisj\darklaf-utils\2.5.4\darklaf-utils-2.5.4.jar;C:\Users\Magna\.m2\repository\com\github\weisj\darklaf-native-utils\2.5.4\darklaf-native-utils-2.5.4.jar;C:\Users\Magna\.m2\repository\com\github\weisj\darklaf-platform-base\2.5.4\darklaf-platform-base-2.5.4.jar;C:\Users\Magna\.m2\repository\com\github\weisj\darklaf-windows\2.5.4\darklaf-windows-2.5.4.jar;C:\Users\Magna\.m2\repository\net\java\dev\jna\jna\5.5.0\jna-5.5.0.jar;C:\Users\Magna\.m2\repository\com\github\weisj\darklaf-macos\2.5.4\darklaf-macos-2.5.4.jar;C:\Users\Magna\.m2\repository\org\swinglabs\jxlayer\3.0.4\jxlayer-3.0.4.jar;C:\Users\Magna\.m2\repository\com\github\weisj\darklaf-theme\2.5.4\darklaf-theme-2.5.4.jar;C:\Users\Magna\.m2\repository\com\github\weisj\darklaf-property-loader\2.5.4\darklaf-property-loader-2.5.4.jar;C:\Users\Magna\.m2\repository\com\github\weisj\darklaf-extensions-rsyntaxarea\0.3.4\darklaf-extensions-rsyntaxarea-0.3.4.jar;C:\Users\Magna\.m2\repository\com\miglayout\miglayout-swing\5.2\miglayout-swing-5.2.jar;C:\Users\Magna\.m2\repository\com\miglayout\miglayout-core\5.2\miglayout-core-5.2.jar;C:\Users\Magna\.m2\repository\commons-codec\commons-codec\1.15\commons-codec-1.15.jar;C:\Users\Magna\.m2\repository\commons-collections\commons-collections\3.2.2\commons-collections-3.2.2.jar;C:\Users\Magna\.m2\repository\org\apache\commons\commons-collections4\4.4\commons-collections4-4.4.jar;C:\Users\Magna\.m2\repository\org\apache\commons\commons-math3\3.6.1\commons-math3-3.6.1.jar;C:\Users\Magna\.m2\repository\org\apache\commons\commons-text\1.9\commons-text-1.9.jar;C:\Users\Magna\.m2\repository\org\apache\tika\tika-core\1.24.1\tika-core-1.24.1.jar;C:\Users\Magna\.m2\repository\org\apache\xmlgraphics\xmlgraphics-commons\2.3\xmlgraphics-commons-2.3.jar;C:\Users\Magna\.m2\repository\org\freemarker\freemarker\2.3.32\freemarker-2.3.32.jar;C:\Users\Magna\.m2\repository\org\jodd\jodd-core\5.0.13\jodd-core-5.0.13.jar;C:\Users\Magna\.m2\repository\org\jodd\jodd-props\5.0.13\jodd-props-5.0.13.jar;C:\Users\Magna\.m2\repository\org\mozilla\rhino\1.7.13\rhino-1.7.13.jar;C:\Users\Magna\.m2\repository\org\slf4j\jcl-over-slf4j\2.0.6\jcl-over-slf4j-2.0.6.jar;C:\Users\Magna\.m2\repository\org\codehaus\groovy\groovy\3.0.7\groovy-3.0.7.jar;C:\Users\Magna\.m2\repository\org\codehaus\groovy\groovy-dateutil\3.0.7\groovy-dateutil-3.0.7.jar;C:\Users\Magna\.m2\repository\org\codehaus\groovy\groovy-datetime\3.0.7\groovy-datetime-3.0.7.jar;C:\Users\Magna\.m2\repository\org\codehaus\groovy\groovy-jmx\3.0.7\groovy-jmx-3.0.7.jar;C:\Users\Magna\.m2\repository\org\codehaus\groovy\groovy-json\3.0.7\groovy-json-3.0.7.jar;C:\Users\Magna\.m2\repository\org\codehaus\groovy\groovy-jsr223\3.0.7\groovy-jsr223-3.0.7.jar;C:\Users\Magna\.m2\repository\org\codehaus\groovy\groovy-sql\3.0.7\groovy-sql-3.0.7.jar;C:\Users\Magna\.m2\repository\org\codehaus\groovy\groovy-templates\3.0.7\groovy-templates-3.0.7.jar;C:\Users\Magna\.m2\repository\org\codehaus\groovy\groovy-xml\3.0.7\groovy-xml-3.0.7.jar;C:\Users\Magna\.m2\repository\org\apache\tika\tika-parsers\1.24.1\tika-parsers-1.24.1.jar;C:\Users\Magna\.m2\repository\xerces\xercesImpl\2.12.0\xercesImpl-2.12.0.jar;C:\Users\Magna\.m2\repository\xml-apis\xml-apis\1.4.01\xml-apis-1.4.01.jar;C:\Users\Magna\.m2\repository\org\apache\jmeter\ApacheJMeter_http\5.4.1\ApacheJMeter_http-5.4.1.jar;C:\Users\Magna\.m2\repository\org\apache\jmeter\ApacheJMeter_components\5.4.1\ApacheJMeter_components-5.4.1.jar;C:\Users\Magna\.m2\repository\org\apache-extras\beanshell\bsh\2.0b6\bsh-2.0b6.jar;C:\Users\Magna\.m2\repository\javax\mail\mail\1.5.0-b01\mail-1.5.0-b01.jar;C:\Users\Magna\.m2\repository\io\burt\jmespath-core\0.5.0\jmespath-core-0.5.0.jar;C:\Users\Magna\.m2\repository\io\burt\jmespath-jackson\0.5.0\jmespath-jackson-0.5.0.jar;C:\Users\Magna\.m2\repository\jcharts\jcharts\0.7.5\jcharts-0.7.5.jar;C:\Users\Magna\.m2\repository\net\minidev\accessors-smart\1.2\accessors-smart-1.2.jar;C:\Users\Magna\.m2\repository\org\apache\commons\commons-pool2\2.11.1\commons-pool2-2.11.1.jar;C:\Users\Magna\.m2\repository\org\ow2\asm\asm\9.0\asm-9.0.jar;C:\Users\Magna\.m2\repository\org\jodd\jodd-log\5.0.13\jodd-log-5.0.13.jar;C:\Users\Magna\.m2\repository\org\apache\httpcomponents\httpasyncclient\4.1.5\httpasyncclient-4.1.5.jar;C:\Users\Magna\.m2\repository\org\apache\httpcomponents\httpcore-nio\4.4.16\httpcore-nio-4.4.16.jar;C:\Users\Magna\.m2\repository\com\sun\activation\javax.activation\1.2.0\javax.activation-1.2.0.jar;C:\Users\Magna\.m2\repository\commons-io\commons-io\2.8.0\commons-io-2.8.0.jar;C:\Users\Magna\.m2\repository\org\apache\commons\commons-lang3\3.12.0\commons-lang3-3.12.0.jar;C:\Users\Magna\.m2\repository\org\jodd\jodd-lagarto\5.0.13\jodd-lagarto-5.0.13.jar;C:\Users\Magna\.m2\repository\org\jsoup\jsoup\1.13.1\jsoup-1.13.1.jar;C:\Users\Magna\.m2\repository\commons-net\commons-net\3.7.2\commons-net-3.7.2.jar;C:\Users\Magna\.m2\repository\com\helger\ph-commons\9.5.1\ph-commons-9.5.1.jar;C:\Users\Magna\.m2\repository\com\helger\ph-css\6.2.3\ph-css-6.2.3.jar;C:\Users\Magna\.m2\repository\dnsjava\dnsjava\2.1.9\dnsjava-2.1.9.jar;C:\Users\Magna\.m2\repository\org\apache\httpcomponents\httpmime\4.5.14\httpmime-4.5.14.jar;C:\Users\Magna\.m2\repository\org\apache\httpcomponents\httpclient\4.5.14\httpclient-4.5.14.jar;C:\Users\Magna\.m2\repository\org\apache\httpcomponents\httpcore\4.4.16\httpcore-4.4.16.jar;C:\Users\Magna\.m2\repository\org\brotli\dec\0.1.2\dec-0.1.2.jar;"/>
    <property name="sun.cpu.endian" value="little"/>
    <property name="user.home" value="C:\Users\Magna"/>
    <property name="user.language" value="pt"/>
    <property name="java.specification.vendor" value="Oracle Corporation"/>
    <property name="java.version.date" value="2023-01-17"/>
    <property name="java.home" value="C:\dev\java\openjdk\jdk-19.0.2"/>
    <property name="file.separator" value="\"/>
    <property name="basedir" value="C:\dev\projects\zoologico"/>
    <property name="style.color" value="always"/>
    <property name="java.vm.compressedOopsMode" value="32-bit"/>
    <property name="line.separator" value="&#10;"/>
    <property name="java.vm.specification.vendor" value="Oracle Corporation"/>
    <property name="java.specification.name" value="Java Platform API Specification"/>
    <property name="surefire.real.class.path" value="C:\Users\Magna\AppData\Local\Temp\surefire8296774168394030366\surefirebooter16049699245708573050.jar"/>
    <property name="user.script" value=""/>
    <property name="sun.management.compiler" value="HotSpot 64-Bit Tiered Compilers"/>
    <property name="java.runtime.version" value="19.0.2+7-44"/>
    <property name="user.name" value="Magna"/>
    <property name="stdout.encoding" value="Cp1252"/>
    <property name="path.separator" value=";"/>
    <property name="os.version" value="10.0"/>
    <property name="java.runtime.name" value="OpenJDK Runtime Environment"/>
    <property name="file.encoding" value="UTF-8"/>
    <property name="java.vm.name" value="OpenJDK 64-Bit Server VM"/>
    <property name="localRepository" value="C:\Users\Magna\.m2\repository"/>
    <property name="java.vendor.url.bug" value="https://bugreport.java.com/bugreport/"/>
    <property name="java.io.tmpdir" value="C:\Users\Magna\AppData\Local\Temp\"/>
    <property name="java.version" value="19.0.2"/>
    <property name="user.dir" value="C:\dev\projects\zoologico"/>
    <property name="os.arch" value="amd64"/>
    <property name="java.vm.specification.name" value="Java Virtual Machine Specification"/>
    <property name="sun.os.patch.level" value=""/>
    <property name="native.encoding" value="Cp1252"/>
    <property name="java.library.path" value="C:\dev\java\openjdk\jdk-19.0.2\bin;C:\Windows\Sun\Java\bin;C:\Windows\system32;C:\Windows;C:/dev/eclipse/eclipse-jee-2022-12-R-win32-x86_64//plugins/org.eclipse.justj.openjdk.hotspot.jre.full.win32.x86_64_17.0.6.v20230204-1729/jre/bin/server;C:/dev/eclipse/eclipse-jee-2022-12-R-win32-x86_64//plugins/org.eclipse.justj.openjdk.hotspot.jre.full.win32.x86_64_17.0.6.v20230204-1729/jre/bin;C:\dev\flutter\flutter_windows_3.7.9-stable\bin;C:\Users\Magna\AppData\Local\Pub\Cache\bin;C:\Windows\system32;C:\Windows;C:\Windows\System32\Wbem;C:\Windows\System32\WindowsPowerShell\v1.0\;C:\Windows\System32\OpenSSH\;C:\dev\java\openjdk\jdk-19.0.2\bin;C:\dev\maven\apache-maven-3.9.0-bin\bin;C:\Program Files\PostgreSQL\15\bin;C:\dev\git\Git\cmd;C:\dev\node\node-v18.14.2-win-x64;C:\dev\dart\dartsdk-windows-x64-release\bin;C:\Users\Magna\AppData\Local\Microsoft\WindowsApps;;C:\dev\eclipse\eclipse-jee-2022-12-R-win32-x86_64;;."/>
    <property name="java.vm.info" value="mixed mode, sharing"/>
    <property name="stderr.encoding" value="Cp1252"/>
    <property name="java.vendor" value="Oracle Corporation"/>
    <property name="java.vm.version" value="19.0.2+7-44"/>
    <property name="sun.io.unicode.encoding" value="UnicodeLittle"/>
    <property name="java.class.version" value="63.0"/>
  </properties>
  <testcase name="testExcluir" classname="br.com.magna.animal.api.controller.MamiferoControllerTest" time="0.055"/>
  <testcase name="testAtualizarTerrestre" classname="br.com.magna.animal.api.controller.MamiferoControllerTest" time="0.155"/>
  <testcase name="testAtualizarAquatico" classname="br.com.magna.animal.api.controller.MamiferoControllerTest" time="0.022"/>
  <testcase name="testCadastrarAereo" classname="br.com.magna.animal.api.controller.MamiferoControllerTest" time="0.043"/>
  <testcase name="testCadastrarAquatico" classname="br.com.magna.animal.api.controller.MamiferoControllerTest" time="0.023"/>
  <testcase name="testListar" classname="br.com.magna.animal.api.controller.MamiferoControllerTest" time="0.024"/>
  <testcase name="testListarPorId" classname="br.com.magna.animal.api.controller.MamiferoControllerTest" time="0.011"/>
  <testcase name="testCadastrarTerrestre" classname="br.com.magna.animal.api.controller.MamiferoControllerTest" time="0.02"/>
  <testcase name="testAtualizarAereo" classname="br.com.magna.animal.api.controller.MamiferoControllerTest" time="0.016"/>
</testsuite>